20:26:21 **** Build of configuration Debug for project Challenge_MC2 ****
make all 
Building file: ../MC2.c
Invoking: AVR Compiler
avr-gcc -Wall -g2 -gstabs -O0 -fpack-struct -fshort-enums -ffunction-sections -fdata-sections -std=gnu99 -funsigned-char -funsigned-bitfields -mmcu=atmega32 -DF_CPU=1000000UL -MMD -MP -MF"MC2.d" -MT"MC2.o" -c -o "MC2.o" "../MC2.c"
Finished building: ../MC2.c
 
Building file: ../gpio.c
Invoking: AVR Compiler
avr-gcc -Wall -g2 -gstabs -O0 -fpack-struct -fshort-enums -ffunction-sections -fdata-sections -std=gnu99 -funsigned-char -funsigned-bitfields -mmcu=atmega32 -DF_CPU=1000000UL -MMD -MP -MF"gpio.d" -MT"gpio.o" -c -o "gpio.o" "../gpio.c"
Finished building: ../gpio.c
 
Building file: ../lcd.c
Invoking: AVR Compiler
avr-gcc -Wall -g2 -gstabs -O0 -fpack-struct -fshort-enums -ffunction-sections -fdata-sections -std=gnu99 -funsigned-char -funsigned-bitfields -mmcu=atmega32 -DF_CPU=1000000UL -MMD -MP -MF"lcd.d" -MT"lcd.o" -c -o "lcd.o" "../lcd.c"
In file included from ../lcd.c:13:
c:/winavr-20100110/lib/gcc/../../avr/include/util/delay.h:90:3: warning: #warning "Compiler optimizations disabled; functions from <util/delay.h> won't work as designed"
../lcd.c: In function 'LCD_intgerToString':
../lcd.c:209: warning: implicit declaration of function 'itoa'
Finished building: ../lcd.c
 
Building file: ../spi.c
Invoking: AVR Compiler
avr-gcc -Wall -g2 -gstabs -O0 -fpack-struct -fshort-enums -ffunction-sections -fdata-sections -std=gnu99 -funsigned-char -funsigned-bitfields -mmcu=atmega32 -DF_CPU=1000000UL -MMD -MP -MF"spi.d" -MT"spi.o" -c -o "spi.o" "../spi.c"
Finished building: ../spi.c
 
Building target: Challenge_MC2.elf
Invoking: AVR C Linker
avr-gcc -Wl,-Map,Challenge_MC2.map -mmcu=atmega32 -o "Challenge_MC2.elf"  ./MC2.o ./gpio.o ./lcd.o ./spi.o   
Finished building target: Challenge_MC2.elf
 
Invoking: AVR Create Extended Listing
avr-objdump -h -S Challenge_MC2.elf  >"Challenge_MC2.lss"
Finished building: Challenge_MC2.lss
 
Invoking: Print Size
avr-size --format=avr --mcu=atmega32 Challenge_MC2.elf
AVR Memory Usage
----------------
Device: atmega32

Program:    7884 bytes (24.1% Full)
(.text + .data + .bootloader)

Data:          8 bytes (0.4% Full)
(.data + .bss + .noinit)


Finished building: sizedummy
 
20:27:50 **** Incremental Build of configuration Debug for project Challenge_MC1 ****
make all 
Invoking: Print Size
avr-size --format=avr --mcu=atmega32 Challenge_MC1.elf
AVR Memory Usage
----------------
Device: atmega32

Program:    5882 bytes (18.0% Full)
(.text + .data + .bootloader)

Data:          8 bytes (0.4% Full)
(.data + .bss + .noinit)


Finished building: sizedummy
 
20:27:50 **** Incremental Build of configuration Debug for project Challenge_MC2 ****
make all 
Building file: ../gpio.c
Invoking: AVR Compiler
avr-gcc -Wall -g2 -gstabs -O0 -fpack-struct -fshort-enums -ffunction-sections -fdata-sections -std=gnu99 -funsigned-char -funsigned-bitfields -mmcu=atmega32 -DF_CPU=1000000UL -MMD -MP -MF"gpio.d" -MT"gpio.o" -c -o "gpio.o" "../gpio.c"
Finished building: ../gpio.c
 
Building file: ../lcd.c
Invoking: AVR Compiler
avr-gcc -Wall -g2 -gstabs -O0 -fpack-struct -fshort-enums -ffunction-sections -fdata-sections -std=gnu99 -funsigned-char -funsigned-bitfields -mmcu=atmega32 -DF_CPU=1000000UL -MMD -MP -MF"lcd.d" -MT"lcd.o" -c -o "lcd.o" "../lcd.c"
In file included from ../lcd.c:13:
c:/winavr-20100110/lib/gcc/../../avr/include/util/delay.h:90:3: warning: #warning "Compiler optimizations disabled; functions from <util/delay.h> won't work as designed"
../lcd.c: In function 'LCD_intgerToString':
../lcd.c:209: warning: implicit declaration of function 'itoa'
Finished building: ../lcd.c
 
Building file: ../spi.c
Invoking: AVR Compiler
avr-gcc -Wall -g2 -gstabs -O0 -fpack-struct -fshort-enums -ffunction-sections -fdata-sections -std=gnu99 -funsigned-char -funsigned-bitfields -mmcu=atmega32 -DF_CPU=1000000UL -MMD -MP -MF"spi.d" -MT"spi.o" -c -o "spi.o" "../spi.c"
Finished building: ../spi.c
 
Building target: Challenge_MC2.elf
Invoking: AVR C Linker
avr-gcc -Wl,-Map,Challenge_MC2.map -mmcu=atmega32 -o "Challenge_MC2.elf"  ./MC2.o ./gpio.o ./lcd.o ./spi.o   
Finished building target: Challenge_MC2.elf
 
Invoking: AVR Create Extended Listing
avr-objdump -h -S Challenge_MC2.elf  >"Challenge_MC2.lss"
Finished building: Challenge_MC2.lss
 
Invoking: Print Size
avr-size --format=avr --mcu=atmega32 Challenge_MC2.elf
AVR Memory Usage
----------------
Device: atmega32

Program:    7884 bytes (24.1% Full)
(.text + .data + .bootloader)

Data:          8 bytes (0.4% Full)
(.data + .bss + .noinit)


Finished building: sizedummy
 
20:27:51 **** Incremental Build of configuration Debug for project Exercise1_MC1 ****
make all 
Invoking: Print Size
avr-size --format=avr --mcu=atmega32 Exercise1_MC1.elf
AVR Memory Usage
----------------
Device: atmega32

Program:    2244 bytes (6.8% Full)
(.text + .data + .bootloader)

Data:          0 bytes (0.0% Full)
(.data + .bss + .noinit)


Finished building: sizedummy
 
20:27:51 **** Incremental Build of configuration Debug for project Exercise1_MC2 ****
make all 
Invoking: Print Size
avr-size --format=avr --mcu=atmega32 Exercise1_MC2.elf
AVR Memory Usage
----------------
Device: atmega32

Program:    2266 bytes (6.9% Full)
(.text + .data + .bootloader)

Data:          0 bytes (0.0% Full)
(.data + .bss + .noinit)


Finished building: sizedummy
 
20:27:51 **** Incremental Build of configuration Debug for project Exercise2_MC1 ****
make all 
Invoking: Print Size
avr-size --format=avr --mcu=atmega32 Exercise2_MC1.elf
AVR Memory Usage
----------------
Device: atmega32

Program:    5350 bytes (16.3% Full)
(.text + .data + .bootloader)

Data:         22 bytes (1.1% Full)
(.data + .bss + .noinit)


Finished building: sizedummy
 
20:27:52 **** Incremental Build of configuration Debug for project Exercise2_MC2 ****
make all 
Invoking: Print Size
avr-size --format=avr --mcu=atmega32 Exercise2_MC2.elf
AVR Memory Usage
----------------
Device: atmega32

Program:    7904 bytes (24.1% Full)
(.text + .data + .bootloader)

Data:          8 bytes (0.4% Full)
(.data + .bss + .noinit)


Finished building: sizedummy
 
20:28:08 **** Incremental Build of configuration Debug for project Challenge_MC1 ****
make all 
Invoking: Print Size
avr-size --format=avr --mcu=atmega32 Challenge_MC1.elf
AVR Memory Usage
----------------
Device: atmega32

Program:    5882 bytes (18.0% Full)
(.text + .data + .bootloader)

Data:          8 bytes (0.4% Full)
(.data + .bss + .noinit)


Finished building: sizedummy
 
20:28:08 **** Incremental Build of configuration Debug for project Challenge_MC2 ****
make all 
Building file: ../MC2.c
Invoking: AVR Compiler
avr-gcc -Wall -g2 -gstabs -O0 -fpack-struct -fshort-enums -ffunction-sections -fdata-sections -std=gnu99 -funsigned-char -funsigned-bitfields -mmcu=atmega32 -DF_CPU=1000000UL -MMD -MP -MF"MC2.d" -MT"MC2.o" -c -o "MC2.o" "../MC2.c"
Finished building: ../MC2.c
 
Building target: Challenge_MC2.elf
Invoking: AVR C Linker
avr-gcc -Wl,-Map,Challenge_MC2.map -mmcu=atmega32 -o "Challenge_MC2.elf"  ./MC2.o ./gpio.o ./lcd.o ./spi.o   
Finished building target: Challenge_MC2.elf
 
Invoking: AVR Create Extended Listing
avr-objdump -h -S Challenge_MC2.elf  >"Challenge_MC2.lss"
Finished building: Challenge_MC2.lss
 
Invoking: Print Size
avr-size --format=avr --mcu=atmega32 Challenge_MC2.elf
AVR Memory Usage
----------------
Device: atmega32

Program:    7910 bytes (24.1% Full)
(.text + .data + .bootloader)

Data:          8 bytes (0.4% Full)
(.data + .bss + .noinit)


Finished building: sizedummy
 
20:28:09 **** Incremental Build of configuration Debug for project Exercise1_MC1 ****
make all 
Invoking: Print Size
avr-size --format=avr --mcu=atmega32 Exercise1_MC1.elf
AVR Memory Usage
----------------
Device: atmega32

Program:    2244 bytes (6.8% Full)
(.text + .data + .bootloader)

Data:          0 bytes (0.0% Full)
(.data + .bss + .noinit)


Finished building: sizedummy
 
20:28:09 **** Incremental Build of configuration Debug for project Exercise1_MC2 ****
make all 
Invoking: Print Size
avr-size --format=avr --mcu=atmega32 Exercise1_MC2.elf
AVR Memory Usage
----------------
Device: atmega32

Program:    2266 bytes (6.9% Full)
(.text + .data + .bootloader)

Data:          0 bytes (0.0% Full)
(.data + .bss + .noinit)


Finished building: sizedummy
 
20:28:09 **** Incremental Build of configuration Debug for project Exercise2_MC1 ****
make all 
Invoking: Print Size
avr-size --format=avr --mcu=atmega32 Exercise2_MC1.elf
AVR Memory Usage
----------------
Device: atmega32

Program:    5350 bytes (16.3% Full)
(.text + .data + .bootloader)

Data:         22 bytes (1.1% Full)
(.data + .bss + .noinit)


Finished building: sizedummy
 
20:28:10 **** Incremental Build of configuration Debug for project Exercise2_MC2 ****
make all 
Invoking: Print Size
avr-size --format=avr --mcu=atmega32 Exercise2_MC2.elf
AVR Memory Usage
----------------
Device: atmega32

Program:    7904 bytes (24.1% Full)
(.text + .data + .bootloader)

Data:          8 bytes (0.4% Full)
(.data + .bss + .noinit)


Finished building: sizedummy
 
20:29:43 **** Incremental Build of configuration Debug for project Challenge_MC1 ****
make all 
Invoking: Print Size
avr-size --format=avr --mcu=atmega32 Challenge_MC1.elf
AVR Memory Usage
----------------
Device: atmega32

Program:    5882 bytes (18.0% Full)
(.text + .data + .bootloader)

Data:          8 bytes (0.4% Full)
(.data + .bss + .noinit)


Finished building: sizedummy
 
20:29:43 **** Incremental Build of configuration Debug for project Challenge_MC2 ****
make all 
Invoking: Print Size
avr-size --format=avr --mcu=atmega32 Challenge_MC2.elf
AVR Memory Usage
----------------
Device: atmega32

Program:    7910 bytes (24.1% Full)
(.text + .data + .bootloader)

Data:          8 bytes (0.4% Full)
(.data + .bss + .noinit)


Finished building: sizedummy
 
20:29:43 **** Incremental Build of configuration Debug for project Exercise1_MC1 ****
make all 
Invoking: Print Size
avr-size --format=avr --mcu=atmega32 Exercise1_MC1.elf
AVR Memory Usage
----------------
Device: atmega32

Program:    2244 bytes (6.8% Full)
(.text + .data + .bootloader)

Data:          0 bytes (0.0% Full)
(.data + .bss + .noinit)


Finished building: sizedummy
 
20:29:44 **** Incremental Build of configuration Debug for project Exercise1_MC2 ****
make all 
Invoking: Print Size
avr-size --format=avr --mcu=atmega32 Exercise1_MC2.elf
AVR Memory Usage
----------------
Device: atmega32

Program:    2266 bytes (6.9% Full)
(.text + .data + .bootloader)

Data:          0 bytes (0.0% Full)
(.data + .bss + .noinit)


Finished building: sizedummy
 
20:29:44 **** Incremental Build of configuration Debug for project Exercise2_MC1 ****
make all 
Invoking: Print Size
avr-size --format=avr --mcu=atmega32 Exercise2_MC1.elf
AVR Memory Usage
----------------
Device: atmega32

Program:    5350 bytes (16.3% Full)
(.text + .data + .bootloader)

Data:         22 bytes (1.1% Full)
(.data + .bss + .noinit)


Finished building: sizedummy
 
20:29:44 **** Incremental Build of configuration Debug for project Exercise2_MC2 ****
make all 
Invoking: Print Size
avr-size --format=avr --mcu=atmega32 Exercise2_MC2.elf
AVR Memory Usage
----------------
Device: atmega32

Program:    7904 bytes (24.1% Full)
(.text + .data + .bootloader)

Data:          8 bytes (0.4% Full)
(.data + .bss + .noinit)


Finished building: sizedummy
 
16:46:57 **** Incremental Build of configuration Debug for project Challenge_MC1 ****
make all 
Invoking: Print Size
avr-size --format=avr --mcu=atmega32 Challenge_MC1.elf
AVR Memory Usage
----------------
Device: atmega32

Program:    5882 bytes (18.0% Full)
(.text + .data + .bootloader)

Data:          8 bytes (0.4% Full)
(.data + .bss + .noinit)


Finished building: sizedummy
 
16:46:58 **** Incremental Build of configuration Debug for project Challenge_MC2 ****
make all 
Invoking: Print Size
avr-size --format=avr --mcu=atmega32 Challenge_MC2.elf
AVR Memory Usage
----------------
Device: atmega32

Program:    7910 bytes (24.1% Full)
(.text + .data + .bootloader)

Data:          8 bytes (0.4% Full)
(.data + .bss + .noinit)


Finished building: sizedummy
 
16:46:58 **** Incremental Build of configuration Debug for project Exercise1_MC1 ****
make all 
Invoking: Print Size
avr-size --format=avr --mcu=atmega32 Exercise1_MC1.elf
AVR Memory Usage
----------------
Device: atmega32

Program:    2244 bytes (6.8% Full)
(.text + .data + .bootloader)

Data:          0 bytes (0.0% Full)
(.data + .bss + .noinit)


Finished building: sizedummy
 
16:46:59 **** Incremental Build of configuration Debug for project Exercise1_MC2 ****
make all 
Invoking: Print Size
avr-size --format=avr --mcu=atmega32 Exercise1_MC2.elf
AVR Memory Usage
----------------
Device: atmega32

Program:    2266 bytes (6.9% Full)
(.text + .data + .bootloader)

Data:          0 bytes (0.0% Full)
(.data + .bss + .noinit)


Finished building: sizedummy
 
16:46:59 **** Incremental Build of configuration Debug for project Exercise2_MC1 ****
make all 
Invoking: Print Size
avr-size --format=avr --mcu=atmega32 Exercise2_MC1.elf
AVR Memory Usage
----------------
Device: atmega32

Program:    5350 bytes (16.3% Full)
(.text + .data + .bootloader)

Data:         22 bytes (1.1% Full)
(.data + .bss + .noinit)


Finished building: sizedummy
 
16:46:59 **** Incremental Build of configuration Debug for project Exercise2_MC2 ****
make all 
Invoking: Print Size
avr-size --format=avr --mcu=atmega32 Exercise2_MC2.elf
AVR Memory Usage
----------------
Device: atmega32

Program:    7904 bytes (24.1% Full)
(.text + .data + .bootloader)

Data:          8 bytes (0.4% Full)
(.data + .bss + .noinit)


Finished building: sizedummy
 
