22:44:02 **** Clean-only build of configuration Debug for project Challenge_ADC_Interrupts ****
make clean 
rm -rf  ./adc.o ./gpio.o ./lcd.o ./lm35_sensor.o ./temp_sensor_exercise.o  sizedummy  Challenge_ADC_Interrupts.lss  ./adc.d ./gpio.d ./lcd.d ./lm35_sensor.d ./temp_sensor_exercise.d  Challenge_ADC_Interrupts.elf
 
22:44:02 **** Incremental Build of configuration Debug for project Challenge_ADC_Interrupts ****
make all 
Building file: ../adc.c
Invoking: AVR Compiler
avr-gcc -Wall -g2 -gstabs -O0 -fpack-struct -fshort-enums -ffunction-sections -fdata-sections -std=gnu99 -funsigned-char -funsigned-bitfields -mmcu=atmega32 -DF_CPU=1000000UL -MMD -MP -MF"adc.d" -MT"adc.o" -c -o "adc.o" "../adc.c"
Finished building: ../adc.c
 
Building file: ../gpio.c
Invoking: AVR Compiler
avr-gcc -Wall -g2 -gstabs -O0 -fpack-struct -fshort-enums -ffunction-sections -fdata-sections -std=gnu99 -funsigned-char -funsigned-bitfields -mmcu=atmega32 -DF_CPU=1000000UL -MMD -MP -MF"gpio.d" -MT"gpio.o" -c -o "gpio.o" "../gpio.c"
Finished building: ../gpio.c
 
Building file: ../lcd.c
Invoking: AVR Compiler
avr-gcc -Wall -g2 -gstabs -O0 -fpack-struct -fshort-enums -ffunction-sections -fdata-sections -std=gnu99 -funsigned-char -funsigned-bitfields -mmcu=atmega32 -DF_CPU=1000000UL -MMD -MP -MF"lcd.d" -MT"lcd.o" -c -o "lcd.o" "../lcd.c"
In file included from ../lcd.c:13:
c:/winavr-20100110/lib/gcc/../../avr/include/util/delay.h:90:3: warning: #warning "Compiler optimizations disabled; functions from <util/delay.h> won't work as designed"
../lcd.c: In function 'LCD_intgerToString':
../lcd.c:209: warning: implicit declaration of function 'itoa'
Finished building: ../lcd.c
 
Building file: ../lm35_sensor.c
Invoking: AVR Compiler
avr-gcc -Wall -g2 -gstabs -O0 -fpack-struct -fshort-enums -ffunction-sections -fdata-sections -std=gnu99 -funsigned-char -funsigned-bitfields -mmcu=atmega32 -DF_CPU=1000000UL -MMD -MP -MF"lm35_sensor.d" -MT"lm35_sensor.o" -c -o "lm35_sensor.o" "../lm35_sensor.c"
In file included from ../lm35_sensor.c:13:
c:/winavr-20100110/lib/gcc/../../avr/include/util/delay.h:90:3: warning: #warning "Compiler optimizations disabled; functions from <util/delay.h> won't work as designed"
Finished building: ../lm35_sensor.c
 
Building file: ../temp_sensor_exercise.c
Invoking: AVR Compiler
avr-gcc -Wall -g2 -gstabs -O0 -fpack-struct -fshort-enums -ffunction-sections -fdata-sections -std=gnu99 -funsigned-char -funsigned-bitfields -mmcu=atmega32 -DF_CPU=1000000UL -MMD -MP -MF"temp_sensor_exercise.d" -MT"temp_sensor_exercise.o" -c -o "temp_sensor_exercise.o" "../temp_sensor_exercise.c"
Finished building: ../temp_sensor_exercise.c
 
Building target: Challenge_ADC_Interrupts.elf
Invoking: AVR C Linker
avr-gcc -Wl,-Map,Challenge_ADC_Interrupts.map -mmcu=atmega32 -o "Challenge_ADC_Interrupts.elf"  ./adc.o ./gpio.o ./lcd.o ./lm35_sensor.o ./temp_sensor_exercise.o   
Finished building target: Challenge_ADC_Interrupts.elf
 
Invoking: AVR Create Extended Listing
avr-objdump -h -S Challenge_ADC_Interrupts.elf  >"Challenge_ADC_Interrupts.lss"
Finished building: Challenge_ADC_Interrupts.lss
 
Invoking: Print Size
avr-size --format=avr --mcu=atmega32 Challenge_ADC_Interrupts.elf
AVR Memory Usage
----------------
Device: atmega32

Program:    9140 bytes (27.9% Full)
(.text + .data + .bootloader)

Data:        278 bytes (13.6% Full)
(.data + .bss + .noinit)


Finished building: sizedummy
 
22:51:28 **** Incremental Build of configuration Debug for project Challenge_ADC_Interrupts ****
make all 
Invoking: Print Size
avr-size --format=avr --mcu=atmega32 Challenge_ADC_Interrupts.elf
AVR Memory Usage
----------------
Device: atmega32

Program:    9140 bytes (27.9% Full)
(.text + .data + .bootloader)

Data:        278 bytes (13.6% Full)
(.data + .bss + .noinit)


Finished building: sizedummy
 
22:51:28 **** Incremental Build of configuration Debug for project Potentiometer_Example ****
make all 
Invoking: Print Size
avr-size --format=avr --mcu=atmega32 Potentiometer_Example.elf
AVR Memory Usage
----------------
Device: atmega32

Program:   10324 bytes (31.5% Full)
(.text + .data + .bootloader)

Data:         22 bytes (1.1% Full)
(.data + .bss + .noinit)


Finished building: sizedummy
 
22:51:29 **** Incremental Build of configuration Debug for project Temp_Sensor_Example ****
make all 
Invoking: Print Size
avr-size --format=avr --mcu=atmega32 Temp_Sensor_Example.elf
AVR Memory Usage
----------------
Device: atmega32

Program:    8842 bytes (27.0% Full)
(.text + .data + .bootloader)

Data:        276 bytes (13.5% Full)
(.data + .bss + .noinit)


Finished building: sizedummy
 
12:55:36 **** Incremental Build of configuration Debug for project Challenge_ADC_Interrupts ****
make all 
Invoking: Print Size
avr-size --format=avr --mcu=atmega32 Challenge_ADC_Interrupts.elf
AVR Memory Usage
----------------
Device: atmega32

Program:    9140 bytes (27.9% Full)
(.text + .data + .bootloader)

Data:        278 bytes (13.6% Full)
(.data + .bss + .noinit)


Finished building: sizedummy
 
12:55:37 **** Incremental Build of configuration Debug for project Potentiometer_Example ****
make all 
Invoking: Print Size
avr-size --format=avr --mcu=atmega32 Potentiometer_Example.elf
AVR Memory Usage
----------------
Device: atmega32

Program:   10324 bytes (31.5% Full)
(.text + .data + .bootloader)

Data:         22 bytes (1.1% Full)
(.data + .bss + .noinit)


Finished building: sizedummy
 
12:55:38 **** Incremental Build of configuration Debug for project Temp_Sensor_Example ****
make all 
Invoking: Print Size
avr-size --format=avr --mcu=atmega32 Temp_Sensor_Example.elf
AVR Memory Usage
----------------
Device: atmega32

Program:    8842 bytes (27.0% Full)
(.text + .data + .bootloader)

Data:        276 bytes (13.5% Full)
(.data + .bss + .noinit)


Finished building: sizedummy
 
